#
# There is insufficient memory for the Java Runtime Environment to continue.
# Native memory allocation (mmap) failed to map 50331648 bytes for G1 virtual space
# Possible reasons:
#   The system is out of physical RAM or swap space
#   The process is running with CompressedOops enabled, and the Java Heap may be blocking the growth of the native heap
# Possible solutions:
#   Reduce memory load on the system
#   Increase physical memory or swap space
#   Check if swap backing store is full
#   Decrease Java heap size (-Xmx/-Xms)
#   Decrease number of Java threads
#   Decrease Java thread stack sizes (-Xss)
#   Set larger code cache with -XX:ReservedCodeCacheSize=
#   JVM is running with Unscaled Compressed Oops mode in which the Java heap is
#     placed in the first 4GB address space. The Java Heap base address is the
#     maximum limit for the native heap growth. Please use -XX:HeapBaseMinAddress
#     to set the Java Heap base and to place the Java Heap above 4GB virtual address.
# This output file may be truncated or incomplete.
#
#  Out of Memory Error (os_windows.cpp:3466), pid=14192, tid=31708
#
# JRE version: OpenJDK Runtime Environment (16.0.1+9) (build 16.0.1+9-24)
# Java VM: OpenJDK 64-Bit Server VM (16.0.1+9-24, mixed mode, tiered, compressed oops, compressed class ptrs, g1 gc, windows-amd64)
# No core dump will be written. Minidumps are not enabled by default on client versions of Windows
#

---------------  S U M M A R Y ------------

Command Line: -Dcom.sun.management.jmxremote -Dcom.sun.management.jmxremote.port=58957 -Dcom.sun.management.jmxremote.authenticate=false -Dcom.sun.management.jmxremote.ssl=false -Djava.rmi.server.hostname=localhost -Dspring.jmx.enabled=true -Dspring.application.admin.enabled=true -XX:TieredStopAtLevel=1 -Dspring.boot.project.name=prolog -Dfile.encoding=UTF-8 -XX:+ShowCodeDetailsInExceptionMessages com.cos.prologstart.PrologApplication

Host: Intel(R) Core(TM) i3-7100U CPU @ 2.40GHz, 4 cores, 3G,  Windows 10 , 64 bit Build 19041 (10.0.19041.1023)
Time: Sun Jul 25 10:59:53 2021  Windows 10 , 64 bit Build 19041 (10.0.19041.1023) elapsed time: 12838.565990 seconds (0d 3h 33m 58s)

---------------  T H R E A D  ---------------

Current thread (0x0000022fdf0f9c70):  VMThread "VM Thread" [stack: 0x000000d01d200000,0x000000d01d300000] [id=31708]

Stack: [0x000000d01d200000,0x000000d01d300000]
Native frames: (J=compiled Java code, j=interpreted, Vv=VM code, C=native code)
V  [jvm.dll+0x6687ca]
V  [jvm.dll+0x7ca3c9]
V  [jvm.dll+0x7cbb53]
V  [jvm.dll+0x7cc1b3]
V  [jvm.dll+0x242ea5]
V  [jvm.dll+0x665589]
V  [jvm.dll+0x65a175]
V  [jvm.dll+0x2fc5ab]
V  [jvm.dll+0x3037a6]
V  [jvm.dll+0x352fee]
V  [jvm.dll+0x35321f]
V  [jvm.dll+0x2d3618]
V  [jvm.dll+0x2d11a5]
V  [jvm.dll+0x2d07dc]
V  [jvm.dll+0x3158c2]
V  [jvm.dll+0x7d05eb]
V  [jvm.dll+0x7d12e4]
V  [jvm.dll+0x7d17e9]
V  [jvm.dll+0x7d1aa4]
V  [jvm.dll+0x7d1b70]
V  [jvm.dll+0x779b4a]
V  [jvm.dll+0x667666]
C  [ucrtbase.dll+0x21bb2]
C  [KERNEL32.DLL+0x17034]
C  [ntdll.dll+0x52651]

VM_Operation (0x000000d01ecfd570): G1CollectForAllocation, mode: safepoint, requested by thread 0x0000022fe4477430


---------------  P R O C E S S  ---------------

Threads class SMR info:
_java_thread_list=0x0000022fe471dca0, length=23, elements={
0x0000022fdf0fd930, 0x0000022fdf1006d0, 0x0000022fdf179010, 0x0000022fdf179a20,
0x0000022fdf17c340, 0x0000022fdf17d990, 0x0000022fdf140970, 0x0000022fdf1412c0,
0x0000022fdfd28d30, 0x0000022fdfda6140, 0x0000022fe041dc60, 0x0000022fe03fd440,
0x0000022fdfff8b50, 0x0000022fe3c7b5b0, 0x0000022fe4471f30, 0x0000022fe4476440,
0x0000022fe446ff50, 0x0000022fe44709f0, 0x0000022fe4476990, 0x0000022fe4475450,
0x0000022fe4476ee0, 0x0000022fe44719e0, 0x0000022fe4477430
}

Java Threads: ( => current thread )
  0x0000022fdf0fd930 JavaThread "Reference Handler" daemon [_thread_blocked, id=6668, stack(0x000000d01d300000,0x000000d01d400000)]
  0x0000022fdf1006d0 JavaThread "Finalizer" daemon [_thread_blocked, id=8060, stack(0x000000d01d400000,0x000000d01d500000)]
  0x0000022fdf179010 JavaThread "Signal Dispatcher" daemon [_thread_blocked, id=17460, stack(0x000000d01d500000,0x000000d01d600000)]
  0x0000022fdf179a20 JavaThread "Attach Listener" daemon [_thread_blocked, id=26724, stack(0x000000d01d600000,0x000000d01d700000)]
  0x0000022fdf17c340 JavaThread "Service Thread" daemon [_thread_blocked, id=21140, stack(0x000000d01d700000,0x000000d01d800000)]
  0x0000022fdf17d990 JavaThread "Monitor Deflation Thread" daemon [_thread_blocked, id=27332, stack(0x000000d01d800000,0x000000d01d900000)]
  0x0000022fdf140970 JavaThread "C1 CompilerThread0" daemon [_thread_blocked, id=31028, stack(0x000000d01d900000,0x000000d01da00000)]
  0x0000022fdf1412c0 JavaThread "Sweeper thread" daemon [_thread_blocked, id=12148, stack(0x000000d01da00000,0x000000d01db00000)]
  0x0000022fdfd28d30 JavaThread "Common-Cleaner" daemon [_thread_blocked, id=28484, stack(0x000000d01db00000,0x000000d01dc00000)]
  0x0000022fdfda6140 JavaThread "Notification Thread" daemon [_thread_blocked, id=27196, stack(0x000000d01dc00000,0x000000d01dd00000)]
  0x0000022fe041dc60 JavaThread "RMI TCP Accept-0" daemon [_thread_in_native, id=22896, stack(0x000000d01dd00000,0x000000d01de00000)]
  0x0000022fe03fd440 JavaThread "RMI TCP Accept-58957" daemon [_thread_in_native, id=26548, stack(0x000000d01de00000,0x000000d01df00000)]
  0x0000022fdfff8b50 JavaThread "RMI TCP Accept-0" daemon [_thread_in_native, id=31268, stack(0x000000d01e400000,0x000000d01e500000)]
  0x0000022fe3c7b5b0 JavaThread "Live Reload Server" daemon [_thread_in_native, id=20640, stack(0x000000d01f000000,0x000000d01f100000)]
  0x0000022fe4471f30 JavaThread "DestroyJavaVM" [_thread_blocked, id=8796, stack(0x000000d01cc00000,0x000000d01cd00000)]
  0x0000022fe4476440 JavaThread "RMI Scheduler(0)" daemon [_thread_blocked, id=9668, stack(0x000000d01cb00000,0x000000d01cc00000)]
  0x0000022fe446ff50 JavaThread "RMI TCP Connection(idle)" daemon [_thread_blocked, id=16456, stack(0x000000d01e600000,0x000000d01e700000)]
  0x0000022fe44709f0 JavaThread "JMX server connection timeout 100" daemon [_thread_blocked, id=27176, stack(0x000000d01e700000,0x000000d01e800000)]
  0x0000022fe4476990 JavaThread "oracle.jdbc.driver.BlockSource.ThreadedCachingBlockSource.BlockReleaser" daemon [_thread_blocked, id=28624, stack(0x000000d01ed00000,0x000000d01ee00000)]
  0x0000022fe4475450 JavaThread "InterruptTimer" daemon [_thread_blocked, id=10508, stack(0x000000d01ee00000,0x000000d01ef00000)]
  0x0000022fe4476ee0 JavaThread "File Watcher" daemon [_thread_blocked, id=6104, stack(0x000000d01e800000,0x000000d01e900000)]
  0x0000022fe44719e0 JavaThread "Thread-7" [_thread_blocked, id=28576, stack(0x000000d01ca00000,0x000000d01cb00000)]
  0x0000022fe4477430 JavaThread "restartedMain" [_thread_blocked, id=20388, stack(0x000000d01ec00000,0x000000d01ed00000)]

Other Threads:
=>0x0000022fdf0f9c70 VMThread "VM Thread" [stack: 0x000000d01d200000,0x000000d01d300000] [id=31708]
  0x0000022fdfda8160 WatcherThread [stack: 0x000000d01e500000,0x000000d01e600000] [id=2144]
  0x0000022fc820e1f0 GCTaskThread "GC Thread#0" [stack: 0x000000d01cd00000,0x000000d01ce00000] [id=19000]
  0x0000022fe04118c0 GCTaskThread "GC Thread#1" [stack: 0x000000d01df00000,0x000000d01e000000] [id=21296]
  0x0000022fe040aba0 GCTaskThread "GC Thread#2" [stack: 0x000000d01e000000,0x000000d01e100000] [id=22568]
  0x0000022fe040aeb0 GCTaskThread "GC Thread#3" [stack: 0x000000d01e100000,0x000000d01e200000] [id=30792]
  0x0000022fc8217660 ConcurrentGCThread "G1 Main Marker" [stack: 0x000000d01ce00000,0x000000d01cf00000] [id=29316]
  0x0000022fc8218ff0 ConcurrentGCThread "G1 Conc#0" [stack: 0x000000d01cf00000,0x000000d01d000000] [id=15696]
  0x0000022fc8269220 ConcurrentGCThread "G1 Refine#0" [stack: 0x000000d01d000000,0x000000d01d100000] [id=11708]
  0x0000022fe0400960 ConcurrentGCThread "G1 Refine#1" [stack: 0x000000d01e200000,0x000000d01e300000] [id=23940]
  0x0000022fe040a000 ConcurrentGCThread "G1 Refine#2" [stack: 0x000000d01e300000,0x000000d01e400000] [id=24972]
  0x0000022fc826aa60 ConcurrentGCThread "G1 Service" [stack: 0x000000d01d100000,0x000000d01d200000] [id=29032]

Threads with active compile tasks:

VM state: at safepoint (normal execution)

VM Mutex/Monitor currently owned by a thread:  ([mutex/lock_event])
[0x0000022fc81da540] Threads_lock - owner thread: 0x0000022fdf0f9c70
[0x0000022fc81da9c0] Heap_lock - owner thread: 0x0000022fe4477430

Heap address: 0x00000000c1c00000, size: 996 MB, Compressed Oops mode: 32-bit

CDS disabled.
Compressed class space mapped at: 0x0000000100000000-0x0000000140000000, reserved size: 1073741824
Narrow klass base: 0x0000000000000000, Narrow klass shift: 3, Narrow klass range: 0x140000000

GC Precious Log:
 CPUs: 4 total, 4 available
 Memory: 3983M
 Large Page Support: Disabled
 NUMA Support: Disabled
 Compressed Oops: Enabled (32-bit)
 Heap Region Size: 1M
 Heap Min Capacity: 8M
 Heap Initial Capacity: 64M
 Heap Max Capacity: 996M
 Pre-touch: Disabled
 Parallel Workers: 4
 Concurrent Workers: 1
 Concurrent Refinement Workers: 4
 Periodic GC: Disabled

Heap:
 garbage-first heap   total 89088K, used 33315K [0x00000000c1c00000, 0x0000000100000000)
  region size 1024K, 3 young (3072K), 3 survivors (3072K)
 Metaspace       used 90087K, committed 90688K, reserved 1130496K
  class space    used 11712K, committed 12032K, reserved 1048576K

Heap Regions: E=young(eden), S=young(survivor), O=old, HS=humongous(starts), HC=humongous(continues), CS=collection set, F=free, OA=open archive, CA=closed archive, TAMS=top-at-mark-start (previous, next)
|   0|0x00000000c1c00000, 0x00000000c1d00000, 0x00000000c1d00000|100%|HS|  |TAMS 0x00000000c1d00000, 0x00000000c1c00000| Untracked 
|   1|0x00000000c1d00000, 0x00000000c1e00000, 0x00000000c1e00000|100%| O|  |TAMS 0x00000000c1d00000, 0x00000000c1d00000| Untracked 
|   2|0x00000000c1e00000, 0x00000000c1efa718, 0x00000000c1f00000| 97%| O|  |TAMS 0x00000000c1e00000, 0x00000000c1e00000| Untracked 
|   3|0x00000000c1f00000, 0x00000000c1ffffd8, 0x00000000c2000000| 99%| O|  |TAMS 0x00000000c1f00000, 0x00000000c1f00000| Untracked 
|   4|0x00000000c2000000, 0x00000000c20fffc8, 0x00000000c2100000| 99%| O|  |TAMS 0x00000000c2000000, 0x00000000c2000000| Untracked 
|   5|0x00000000c2100000, 0x00000000c21d6718, 0x00000000c2200000| 83%| O|  |TAMS 0x00000000c2100000, 0x00000000c2100000| Untracked 
|   6|0x00000000c2200000, 0x00000000c22ffd40, 0x00000000c2300000| 99%| O|  |TAMS 0x00000000c2200000, 0x00000000c2200000| Untracked 
|   7|0x00000000c2300000, 0x00000000c23fffd8, 0x00000000c2400000| 99%| O|  |TAMS 0x00000000c2300000, 0x00000000c2300000| Untracked 
|   8|0x00000000c2400000, 0x00000000c24ffff8, 0x00000000c2500000| 99%| O|  |TAMS 0x00000000c2400000, 0x00000000c2400000| Untracked 
|   9|0x00000000c2500000, 0x00000000c25ffff0, 0x00000000c2600000| 99%| O|  |TAMS 0x00000000c2500000, 0x00000000c2500000| Untracked 
|  10|0x00000000c2600000, 0x00000000c2700000, 0x00000000c2700000|100%| O|  |TAMS 0x00000000c2600000, 0x00000000c2600000| Untracked 
|  11|0x00000000c2700000, 0x00000000c2800000, 0x00000000c2800000|100%| O|  |TAMS 0x00000000c2700000, 0x00000000c2700000| Untracked 
|  12|0x00000000c2800000, 0x00000000c2900000, 0x00000000c2900000|100%| O|  |TAMS 0x00000000c2800000, 0x00000000c2800000| Untracked 
|  13|0x00000000c2900000, 0x00000000c29ffff8, 0x00000000c2a00000| 99%| O|  |TAMS 0x00000000c2900000, 0x00000000c2900000| Untracked 
|  14|0x00000000c2a00000, 0x00000000c2affff0, 0x00000000c2b00000| 99%| O|  |TAMS 0x00000000c2a00000, 0x00000000c2a00000| Untracked 
|  15|0x00000000c2b00000, 0x00000000c2bffff0, 0x00000000c2c00000| 99%| O|  |TAMS 0x00000000c2b00000, 0x00000000c2b00000| Untracked 
|  16|0x00000000c2c00000, 0x00000000c2cfffd8, 0x00000000c2d00000| 99%| O|  |TAMS 0x00000000c2c00000, 0x00000000c2c00000| Untracked 
|  17|0x00000000c2d00000, 0x00000000c2dfffa0, 0x00000000c2e00000| 99%| O|  |TAMS 0x00000000c2d00000, 0x00000000c2d00000| Untracked 
|  18|0x00000000c2e00000, 0x00000000c2efff90, 0x00000000c2f00000| 99%| O|  |TAMS 0x00000000c2e00000, 0x00000000c2e00000| Untracked 
|  19|0x00000000c2f00000, 0x00000000c2ffffe0, 0x00000000c3000000| 99%| O|  |TAMS 0x00000000c2f00000, 0x00000000c2f00000| Untracked 
|  20|0x00000000c3000000, 0x00000000c30ffff8, 0x00000000c3100000| 99%| O|  |TAMS 0x00000000c3000000, 0x00000000c3000000| Untracked 
|  21|0x00000000c3100000, 0x00000000c31ffff0, 0x00000000c3200000| 99%| O|  |TAMS 0x00000000c3100000, 0x00000000c3100000| Untracked 
|  22|0x00000000c3200000, 0x00000000c3300000, 0x00000000c3300000|100%| O|  |TAMS 0x00000000c3200000, 0x00000000c3200000| Untracked 
|  23|0x00000000c3300000, 0x00000000c33fffe0, 0x00000000c3400000| 99%| O|  |TAMS 0x00000000c3300000, 0x00000000c3300000| Untracked 
|  24|0x00000000c3400000, 0x00000000c3500000, 0x00000000c3500000|100%| O|  |TAMS 0x00000000c3400000, 0x00000000c3400000| Untracked 
|  25|0x00000000c3500000, 0x00000000c35ffff0, 0x00000000c3600000| 99%| O|  |TAMS 0x00000000c3500000, 0x00000000c3500000| Untracked 
|  26|0x00000000c3600000, 0x00000000c3639378, 0x00000000c3700000| 22%| O|  |TAMS 0x00000000c3600000, 0x00000000c3600000| Untracked 
|  27|0x00000000c3700000, 0x00000000c37fffc0, 0x00000000c3800000| 99%| O|  |TAMS 0x00000000c3700000, 0x00000000c3700000| Untracked 
|  28|0x00000000c3800000, 0x00000000c3900000, 0x00000000c3900000|100%| O|  |TAMS 0x00000000c3800000, 0x00000000c3800000| Untracked 
|  29|0x00000000c3900000, 0x00000000c3900000, 0x00000000c3a00000|  0%| F|  |TAMS 0x00000000c3900000, 0x00000000c3900000| Untracked 
|  30|0x00000000c3a00000, 0x00000000c3abd580, 0x00000000c3b00000| 73%| O|  |TAMS 0x00000000c3a00000, 0x00000000c3a00000| Untracked 
|  31|0x00000000c3b00000, 0x00000000c3b00000, 0x00000000c3c00000|  0%| F|  |TAMS 0x00000000c3b00000, 0x00000000c3b00000| Untracked 
|  32|0x00000000c3c00000, 0x00000000c3cec748, 0x00000000c3d00000| 92%| O|  |TAMS 0x00000000c3c00000, 0x00000000c3c00000| Untracked 
|  33|0x00000000c3d00000, 0x00000000c3d00000, 0x00000000c3e00000|  0%| F|  |TAMS 0x00000000c3d00000, 0x00000000c3d00000| Untracked 
|  34|0x00000000c3e00000, 0x00000000c3e00000, 0x00000000c3f00000|  0%| F|  |TAMS 0x00000000c3e00000, 0x00000000c3e00000| Untracked 
|  35|0x00000000c3f00000, 0x00000000c3f00000, 0x00000000c4000000|  0%| F|  |TAMS 0x00000000c3f00000, 0x00000000c3f00000| Untracked 
|  36|0x00000000c4000000, 0x00000000c4000000, 0x00000000c4100000|  0%| F|  |TAMS 0x00000000c4000000, 0x00000000c4000000| Untracked 
|  37|0x00000000c4100000, 0x00000000c4100000, 0x00000000c4200000|  0%| F|  |TAMS 0x00000000c4100000, 0x00000000c4100000| Untracked 
|  38|0x00000000c4200000, 0x00000000c4200000, 0x00000000c4300000|  0%| F|  |TAMS 0x00000000c4200000, 0x00000000c4200000| Untracked 
|  39|0x00000000c4300000, 0x00000000c4300000, 0x00000000c4400000|  0%| F|  |TAMS 0x00000000c4300000, 0x00000000c4300000| Untracked 
|  40|0x00000000c4400000, 0x00000000c4400000, 0x00000000c4500000|  0%| F|  |TAMS 0x00000000c4400000, 0x00000000c4400000| Untracked 
|  41|0x00000000c4500000, 0x00000000c4500000, 0x00000000c4600000|  0%| F|  |TAMS 0x00000000c4500000, 0x00000000c4500000| Untracked 
|  42|0x00000000c4600000, 0x00000000c46d55a0, 0x00000000c4700000| 83%| S|CS|TAMS 0x00000000c4600000, 0x00000000c4600000| Complete 
|  43|0x00000000c4700000, 0x00000000c4800000, 0x00000000c4800000|100%| S|CS|TAMS 0x00000000c4700000, 0x00000000c4700000| Complete 
|  44|0x00000000c4800000, 0x00000000c4900000, 0x00000000c4900000|100%| S|CS|TAMS 0x00000000c4800000, 0x00000000c4800000| Complete 
|  45|0x00000000c4900000, 0x00000000c4900000, 0x00000000c4a00000|  0%| F|  |TAMS 0x00000000c4900000, 0x00000000c4900000| Untracked 
|  46|0x00000000c4a00000, 0x00000000c4a00000, 0x00000000c4b00000|  0%| F|  |TAMS 0x00000000c4a00000, 0x00000000c4a00000| Untracked 
|  47|0x00000000c4b00000, 0x00000000c4b00000, 0x00000000c4c00000|  0%| F|  |TAMS 0x00000000c4b00000, 0x00000000c4b00000| Untracked 
|  48|0x00000000c4c00000, 0x00000000c4c00000, 0x00000000c4d00000|  0%| F|  |TAMS 0x00000000c4c00000, 0x00000000c4c00000| Untracked 
|  49|0x00000000c4d00000, 0x00000000c4d00000, 0x00000000c4e00000|  0%| F|  |TAMS 0x00000000c4d00000, 0x00000000c4d00000| Untracked 
|  50|0x00000000c4e00000, 0x00000000c4e00000, 0x00000000c4f00000|  0%| F|  |TAMS 0x00000000c4e00000, 0x00000000c4e00000| Untracked 
|  51|0x00000000c4f00000, 0x00000000c4f00000, 0x00000000c5000000|  0%| F|  |TAMS 0x00000000c4f00000, 0x00000000c4f00000| Untracked 
|  52|0x00000000c5000000, 0x00000000c5000000, 0x00000000c5100000|  0%| F|  |TAMS 0x00000000c5000000, 0x00000000c5000000| Untracked 
|  53|0x00000000c5100000, 0x00000000c5100000, 0x00000000c5200000|  0%| F|  |TAMS 0x00000000c5100000, 0x00000000c5100000| Untracked 
|  54|0x00000000c5200000, 0x00000000c5200000, 0x00000000c5300000|  0%| F|  |TAMS 0x00000000c5200000, 0x00000000c5200000| Untracked 
|  55|0x00000000c5300000, 0x00000000c5300000, 0x00000000c5400000|  0%| F|  |TAMS 0x00000000c5300000, 0x00000000c5300000| Untracked 
|  56|0x00000000c5400000, 0x00000000c5400000, 0x00000000c5500000|  0%| F|  |TAMS 0x00000000c5400000, 0x00000000c5400000| Untracked 
|  57|0x00000000c5500000, 0x00000000c5500000, 0x00000000c5600000|  0%| F|  |TAMS 0x00000000c5500000, 0x00000000c5500000| Untracked 
|  58|0x00000000c5600000, 0x00000000c5600000, 0x00000000c5700000|  0%| F|  |TAMS 0x00000000c5600000, 0x00000000c5600000| Untracked 
|  59|0x00000000c5700000, 0x00000000c5700000, 0x00000000c5800000|  0%| F|  |TAMS 0x00000000c5700000, 0x00000000c5700000| Untracked 
|  60|0x00000000c5800000, 0x00000000c5800000, 0x00000000c5900000|  0%| F|  |TAMS 0x00000000c5800000, 0x00000000c5800000| Untracked 
|  61|0x00000000c5900000, 0x00000000c5900000, 0x00000000c5a00000|  0%| F|  |TAMS 0x00000000c5900000, 0x00000000c5900000| Untracked 
|  62|0x00000000c5a00000, 0x00000000c5a00000, 0x00000000c5b00000|  0%| F|  |TAMS 0x00000000c5a00000, 0x00000000c5a00000| Untracked 
|  63|0x00000000c5b00000, 0x00000000c5b00000, 0x00000000c5c00000|  0%| F|  |TAMS 0x00000000c5b00000, 0x00000000c5b00000| Untracked 
|  64|0x00000000c5c00000, 0x00000000c5c00000, 0x00000000c5d00000|  0%| F|  |TAMS 0x00000000c5c00000, 0x00000000c5c00000| Untracked 
|  65|0x00000000c5d00000, 0x00000000c5d00000, 0x00000000c5e00000|  0%| F|  |TAMS 0x00000000c5d00000, 0x00000000c5d00000| Untracked 
|  66|0x00000000c5e00000, 0x00000000c5e00000, 0x00000000c5f00000|  0%| F|  |TAMS 0x00000000c5e00000, 0x00000000c5e00000| Untracked 
|  67|0x00000000c5f00000, 0x00000000c5f00000, 0x00000000c6000000|  0%| F|  |TAMS 0x00000000c5f00000, 0x00000000c5f00000| Untracked 
|  68|0x00000000c6000000, 0x00000000c6000000, 0x00000000c6100000|  0%| F|  |TAMS 0x00000000c6000000, 0x00000000c6000000| Untracked 
|  69|0x00000000c6100000, 0x00000000c6100000, 0x00000000c6200000|  0%| F|  |TAMS 0x00000000c6100000, 0x00000000c6100000| Untracked 
|  70|0x00000000c6200000, 0x00000000c6200000, 0x00000000c6300000|  0%| F|  |TAMS 0x00000000c6200000, 0x00000000c6200000| Untracked 
|  71|0x00000000c6300000, 0x00000000c6300000, 0x00000000c6400000|  0%| F|  |TAMS 0x00000000c6300000, 0x00000000c6300000| Untracked 
|  72|0x00000000c6400000, 0x00000000c6400000, 0x00000000c6500000|  0%| F|  |TAMS 0x00000000c6400000, 0x00000000c6400000| Untracked 
|  73|0x00000000c6500000, 0x00000000c6500000, 0x00000000c6600000|  0%| F|  |TAMS 0x00000000c6500000, 0x00000000c6500000| Untracked 
|  74|0x00000000c6600000, 0x00000000c6600000, 0x00000000c6700000|  0%| F|  |TAMS 0x00000000c6600000, 0x00000000c6600000| Untracked 
|  75|0x00000000c6700000, 0x00000000c6700000, 0x00000000c6800000|  0%| F|  |TAMS 0x00000000c6700000, 0x00000000c6700000| Untracked 
|  76|0x00000000c6800000, 0x00000000c6800000, 0x00000000c6900000|  0%| F|  |TAMS 0x00000000c6800000, 0x00000000c6800000| Untracked 
|  77|0x00000000c6900000, 0x00000000c6900000, 0x00000000c6a00000|  0%| F|  |TAMS 0x00000000c6900000, 0x00000000c6900000| Untracked 
|  78|0x00000000c6a00000, 0x00000000c6a00000, 0x00000000c6b00000|  0%| F|  |TAMS 0x00000000c6a00000, 0x00000000c6a00000| Untracked 
|  79|0x00000000c6b00000, 0x00000000c6b00000, 0x00000000c6c00000|  0%| F|  |TAMS 0x00000000c6b00000, 0x00000000c6b00000| Untracked 
|  80|0x00000000c6c00000, 0x00000000c6c00000, 0x00000000c6d00000|  0%| F|  |TAMS 0x00000000c6c00000, 0x00000000c6c00000| Untracked 
|  81|0x00000000c6d00000, 0x00000000c6d00000, 0x00000000c6e00000|  0%| F|  |TAMS 0x00000000c6d00000, 0x00000000c6d00000| Untracked 
|  82|0x00000000c6e00000, 0x00000000c6e00000, 0x00000000c6f00000|  0%| F|  |TAMS 0x00000000c6e00000, 0x00000000c6e00000| Untracked 
|  83|0x00000000c6f00000, 0x00000000c6f00000, 0x00000000c7000000|  0%| F|  |TAMS 0x00000000c6f00000, 0x00000000c6f00000| Untracked 
|  84|0x00000000c7000000, 0x00000000c7000000, 0x00000000c7100000|  0%| F|  |TAMS 0x00000000c7000000, 0x00000000c7000000| Untracked 
|  85|0x00000000c7100000, 0x00000000c7100000, 0x00000000c7200000|  0%| F|  |TAMS 0x00000000c7100000, 0x00000000c7100000| Untracked 
|  86|0x00000000c7200000, 0x00000000c7200000, 0x00000000c7300000|  0%| F|  |TAMS 0x00000000c7200000, 0x00000000c7200000| Untracked 

Card table byte_map: [0x0000022fda940000,0x0000022fdab40000] _byte_map_base: 0x0000022fda332000

Marking Bits (Prev, Next): (CMBitMap*) 0x0000022fc820e830, (CMBitMap*) 0x0000022fc820e7f0
 Prev Bits: [0x0000022fdbcd0000, 0x0000022fdcc60000)
 Next Bits: [0x0000022fdad40000, 0x0000022fdbcd0000)

Polling page: 0x0000022fc79b0000

Metaspace:

Usage:
  Non-class:     76.54 MB used.
      Class:     11.44 MB used.
       Both:     87.98 MB used.

Virtual space:
  Non-class space:       80.00 MB reserved,      76.81 MB ( 96%) committed,  10 nodes.
      Class space:        1.00 GB reserved,      11.75 MB (  1%) committed,  1 nodes.
              Both:        1.08 GB reserved,      88.56 MB (  8%) committed. 

Chunk freelists:
   Non-Class:  3.04 MB
       Class:  189.00 KB
        Both:  3.22 MB

MaxMetaspaceSize: 17179869184.00 GB
CompressedClassSpaceSize: 1.00 GB
 - commit_granule_bytes: 65536.
 - commit_granule_words: 8192.
 - virtual_space_node_default_size: 1048576.
 - enlarge_chunks_in_place: 1.
 - new_chunks_are_fully_committed: 0.
 - uncommit_free_chunks: 1.
 - use_allocation_guard: 0.
 - handle_deallocations: 1.


Internal statistics:

num_allocs_failed_limit: 9.
num_arena_births: 1024.
num_arena_deaths: 330.
num_vsnodes_births: 11.
num_vsnodes_deaths: 0.
num_space_committed: 1420.
num_space_uncommitted: 3.
num_chunks_returned_to_freelist: 453.
num_chunks_taken_from_freelist: 4154.
num_chunk_merges: 142.
num_chunk_splits: 2801.
num_chunks_enlarged: 2100.
num_purges: 4.

CodeHeap 'non-profiled nmethods': size=238912Kb used=23250Kb max_used=23250Kb free=215661Kb
 bounds [0x0000022fcbdf0000, 0x0000022fcd4b0000, 0x0000022fda740000]
CodeHeap 'non-nmethods': size=6848Kb used=1392Kb max_used=1392Kb free=5455Kb
 bounds [0x0000022fcb740000, 0x0000022fcb9b0000, 0x0000022fcbdf0000]
 total_blobs=13676 nmethods=12933 adapters=666
 compilation: enabled
              stopped_count=0, restarted_count=0
 full_count=0

Compilation events (20 events):
Event: 12838.306 Thread 0x0000022fdf140970 12974   !   1       org.springframework.beans.factory.support.SimpleInstantiationStrategy::instantiate (152 bytes)
Event: 12838.308 Thread 0x0000022fdf140970 nmethod 12974 0x0000022fcd49ea10 code [0x0000022fcd49ecc0, 0x0000022fcd49f6a8]
Event: 12838.311 Thread 0x0000022fdf140970 12975       1       jdk.internal.loader.AbstractClassLoaderValue$Sub::key (5 bytes)
Event: 12838.311 Thread 0x0000022fdf140970 nmethod 12975 0x0000022fcd4a0010 code [0x0000022fcd4a01a0, 0x0000022fcd4a0278]
Event: 12838.323 Thread 0x0000022fdf140970 12976       1       jdk.internal.org.objectweb.asm.MethodWriter::visitJumpInsn (495 bytes)
Event: 12838.325 Thread 0x0000022fdf140970 nmethod 12976 0x0000022fcd4a0310 code [0x0000022fcd4a05c0, 0x0000022fcd4a1198]
Event: 12838.326 Thread 0x0000022fdf140970 12977       1       jdk.internal.org.objectweb.asm.Label::put (83 bytes)
Event: 12838.326 Thread 0x0000022fdf140970 nmethod 12977 0x0000022fcd4a1790 code [0x0000022fcd4a1980, 0x0000022fcd4a1bd8]
Event: 12838.326 Thread 0x0000022fdf140970 12978       1       jdk.internal.org.objectweb.asm.Label::addForwardReference (102 bytes)
Event: 12838.326 Thread 0x0000022fdf140970 nmethod 12978 0x0000022fcd4a1d90 code [0x0000022fcd4a1f60, 0x0000022fcd4a23a8]
Event: 12838.377 Thread 0x0000022fdf140970 12979       1       org.springframework.boot.context.properties.bind.JavaBeanBinder$Bean::addProperties (189 bytes)
Event: 12838.378 Thread 0x0000022fdf140970 nmethod 12979 0x0000022fcd4a2590 code [0x0000022fcd4a2780, 0x0000022fcd4a2bc8]
Event: 12838.397 Thread 0x0000022fdf140970 12980   !   1       org.springframework.boot.context.properties.PropertyMapper$NullPointerExceptionSafeSupplier::get (13 bytes)
Event: 12838.397 Thread 0x0000022fdf140970 nmethod 12980 0x0000022fcd4a2f10 code [0x0000022fcd4a30c0, 0x0000022fcd4a3208]
Event: 12838.399 Thread 0x0000022fdf140970 12981   !   1       org.springframework.beans.factory.support.ConstructorResolver$ArgumentsHolder::storeCache (56 bytes)
Event: 12838.399 Thread 0x0000022fdf140970 nmethod 12981 0x0000022fcd4a3290 code [0x0000022fcd4a3440, 0x0000022fcd4a3738]
Event: 12838.412 Thread 0x0000022fdf140970 12982       1       org.springframework.core.annotation.AnnotationUtils::getAnnotation (66 bytes)
Event: 12838.414 Thread 0x0000022fdf140970 nmethod 12982 0x0000022fcd4a3810 code [0x0000022fcd4a3a80, 0x0000022fcd4a4138]
Event: 12838.414 Thread 0x0000022fdf140970 12983       1       org.springframework.core.annotation.AnnotationUtils$$Lambda$572/0x0000000100478ea8::test (8 bytes)
Event: 12838.414 Thread 0x0000022fdf140970 nmethod 12983 0x0000022fcd4a4510 code [0x0000022fcd4a46c0, 0x0000022fcd4a4828]

GC Heap History (20 events):
Event: 12294.803 GC heap after
{Heap after GC invocations=388 (full 1):
 garbage-first heap   total 89088K, used 28786K [0x00000000c1c00000, 0x0000000100000000)
  region size 1024K, 4 young (4096K), 4 survivors (4096K)
 Metaspace       used 82418K, committed 83456K, reserved 1122304K
  class space    used 10694K, committed 11072K, reserved 1048576K
}
Event: 12295.531 GC heap before
{Heap before GC invocations=388 (full 1):
 garbage-first heap   total 89088K, used 72818K [0x00000000c1c00000, 0x0000000100000000)
  region size 1024K, 48 young (49152K), 4 survivors (4096K)
 Metaspace       used 82482K, committed 83456K, reserved 1122304K
  class space    used 10703K, committed 11072K, reserved 1048576K
}
Event: 12295.560 GC heap after
{Heap after GC invocations=389 (full 1):
 garbage-first heap   total 89088K, used 29435K [0x00000000c1c00000, 0x0000000100000000)
  region size 1024K, 1 young (1024K), 1 survivors (1024K)
 Metaspace       used 82482K, committed 83456K, reserved 1122304K
  class space    used 10703K, committed 11072K, reserved 1048576K
}
Event: 12296.881 GC heap before
{Heap before GC invocations=389 (full 1):
 garbage-first heap   total 89088K, used 73467K [0x00000000c1c00000, 0x0000000100000000)
  region size 1024K, 45 young (46080K), 1 survivors (1024K)
 Metaspace       used 85872K, committed 86464K, reserved 1130496K
  class space    used 11050K, committed 11328K, reserved 1048576K
}
Event: 12296.885 GC heap after
{Heap after GC invocations=390 (full 1):
 garbage-first heap   total 89088K, used 30064K [0x00000000c1c00000, 0x0000000100000000)
  region size 1024K, 2 young (2048K), 2 survivors (2048K)
 Metaspace       used 85872K, committed 86464K, reserved 1130496K
  class space    used 11050K, committed 11328K, reserved 1048576K
}
Event: 12442.860 GC heap before
{Heap before GC invocations=390 (full 1):
 garbage-first heap   total 89088K, used 72048K [0x00000000c1c00000, 0x0000000100000000)
  region size 1024K, 44 young (45056K), 2 survivors (2048K)
 Metaspace       used 89408K, committed 89920K, reserved 1130496K
  class space    used 11638K, committed 11904K, reserved 1048576K
}
Event: 12443.020 GC heap after
{Heap after GC invocations=391 (full 1):
 garbage-first heap   total 89088K, used 31539K [0x00000000c1c00000, 0x0000000100000000)
  region size 1024K, 3 young (3072K), 3 survivors (3072K)
 Metaspace       used 89408K, committed 89920K, reserved 1130496K
  class space    used 11638K, committed 11904K, reserved 1048576K
}
Event: 12445.290 GC heap before
{Heap before GC invocations=391 (full 1):
 garbage-first heap   total 89088K, used 72499K [0x00000000c1c00000, 0x0000000100000000)
  region size 1024K, 44 young (45056K), 3 survivors (3072K)
 Metaspace       used 89542K, committed 90048K, reserved 1130496K
  class space    used 11657K, committed 11904K, reserved 1048576K
}
Event: 12445.310 GC heap after
{Heap after GC invocations=392 (full 1):
 garbage-first heap   total 89088K, used 33704K [0x00000000c1c00000, 0x0000000100000000)
  region size 1024K, 5 young (5120K), 5 survivors (5120K)
 Metaspace       used 89542K, committed 90048K, reserved 1130496K
  class space    used 11657K, committed 11904K, reserved 1048576K
}
Event: 12445.887 GC heap before
{Heap before GC invocations=392 (full 1):
 garbage-first heap   total 89088K, used 71592K [0x00000000c1c00000, 0x0000000100000000)
  region size 1024K, 43 young (44032K), 5 survivors (5120K)
 Metaspace       used 89559K, committed 90048K, reserved 1130496K
  class space    used 11660K, committed 11904K, reserved 1048576K
}
Event: 12445.962 GC heap after
{Heap after GC invocations=393 (full 1):
 garbage-first heap   total 89088K, used 34212K [0x00000000c1c00000, 0x0000000100000000)
  region size 1024K, 3 young (3072K), 3 survivors (3072K)
 Metaspace       used 89559K, committed 90048K, reserved 1130496K
  class space    used 11660K, committed 11904K, reserved 1048576K
}
Event: 12447.422 GC heap before
{Heap before GC invocations=393 (full 1):
 garbage-first heap   total 89088K, used 73124K [0x00000000c1c00000, 0x0000000100000000)
  region size 1024K, 41 young (41984K), 3 survivors (3072K)
 Metaspace       used 89858K, committed 90432K, reserved 1130496K
  class space    used 11685K, committed 11968K, reserved 1048576K
}
Event: 12447.430 GC heap after
{Heap after GC invocations=394 (full 1):
 garbage-first heap   total 89088K, used 35875K [0x00000000c1c00000, 0x0000000100000000)
  region size 1024K, 5 young (5120K), 5 survivors (5120K)
 Metaspace       used 89858K, committed 90432K, reserved 1130496K
  class space    used 11685K, committed 11968K, reserved 1048576K
}
Event: 12548.962 GC heap before
{Heap before GC invocations=394 (full 1):
 garbage-first heap   total 89088K, used 71715K [0x00000000c1c00000, 0x0000000100000000)
  region size 1024K, 40 young (40960K), 5 survivors (5120K)
 Metaspace       used 89992K, committed 90560K, reserved 1130496K
  class space    used 11699K, committed 11968K, reserved 1048576K
}
Event: 12549.012 GC heap after
{Heap after GC invocations=395 (full 1):
 garbage-first heap   total 89088K, used 37743K [0x00000000c1c00000, 0x0000000100000000)
  region size 1024K, 5 young (5120K), 5 survivors (5120K)
 Metaspace       used 89992K, committed 90560K, reserved 1130496K
  class space    used 11699K, committed 11968K, reserved 1048576K
}
Event: 12784.677 GC heap before
{Heap before GC invocations=395 (full 1):
 garbage-first heap   total 89088K, used 71535K [0x00000000c1c00000, 0x0000000100000000)
  region size 1024K, 38 young (38912K), 5 survivors (5120K)
 Metaspace       used 89992K, committed 90560K, reserved 1130496K
  class space    used 11699K, committed 11968K, reserved 1048576K
}
Event: 12784.800 GC heap after
{Heap after GC invocations=396 (full 1):
 garbage-first heap   total 89088K, used 38098K [0x00000000c1c00000, 0x0000000100000000)
  region size 1024K, 3 young (3072K), 3 survivors (3072K)
 Metaspace       used 89992K, committed 90560K, reserved 1130496K
  class space    used 11699K, committed 11968K, reserved 1048576K
}
Event: 12833.569 GC heap before
{Heap before GC invocations=396 (full 1):
 garbage-first heap   total 89088K, used 46290K [0x00000000c1c00000, 0x0000000100000000)
  region size 1024K, 12 young (12288K), 3 survivors (3072K)
 Metaspace       used 89999K, committed 90560K, reserved 1130496K
  class space    used 11700K, committed 11968K, reserved 1048576K
}
Event: 12836.067 GC heap after
{Heap after GC invocations=397 (full 2):
 garbage-first heap   total 89088K, used 30414K [0x00000000c1c00000, 0x0000000100000000)
  region size 1024K, 0 young (0K), 0 survivors (0K)
 Metaspace       used 89944K, committed 90560K, reserved 1130496K
  class space    used 11689K, committed 11968K, reserved 1048576K
}
Event: 12838.512 GC heap before
{Heap before GC invocations=397 (full 2):
 garbage-first heap   total 89088K, used 72398K [0x00000000c1c00000, 0x0000000100000000)
  region size 1024K, 42 young (43008K), 0 survivors (0K)
 Metaspace       used 90087K, committed 90688K, reserved 1130496K
  class space    used 11712K, committed 12032K, reserved 1048576K
}

Deoptimization events (12 events):
Event: 6.817 Thread 0x0000022fe07f8e50 DEOPT PACKING pc=0x0000022fcc10613c sp=0x000000d01e7fc900
Event: 6.817 Thread 0x0000022fe07f8e50 DEOPT UNPACKING pc=0x0000022fcb78dece sp=0x000000d01e7fbe58 mode 0
Event: 9.263 Thread 0x0000022fe3c7a070 DEOPT PACKING pc=0x0000022fcc062997 sp=0x000000d01e8fef70
Event: 9.263 Thread 0x0000022fe3c7a070 DEOPT UNPACKING pc=0x0000022fcb78dece sp=0x000000d01e8fe3c8 mode 3
Event: 9.263 Thread 0x0000022fe3c7c050 DEOPT PACKING pc=0x0000022fcc0d8601 sp=0x000000d01e9fe8d0
Event: 9.263 Thread 0x0000022fe3c7c050 DEOPT UNPACKING pc=0x0000022fcb78dece sp=0x000000d01e9fdd68 mode 3
Event: 13.921 Thread 0x0000022fe07f8e50 DEOPT PACKING pc=0x0000022fcc0b0bfa sp=0x000000d01e7fc450
Event: 13.921 Thread 0x0000022fe07f8e50 DEOPT UNPACKING pc=0x0000022fcb78dece sp=0x000000d01e7fb958 mode 3
Event: 13.921 Thread 0x0000022fe07f8e50 DEOPT PACKING pc=0x0000022fcc0b3dcd sp=0x000000d01e7fc410
Event: 13.921 Thread 0x0000022fe07f8e50 DEOPT UNPACKING pc=0x0000022fcb78dece sp=0x000000d01e7fb958 mode 3
Event: 1174.438 Thread 0x0000022fe44719e0 DEOPT PACKING pc=0x0000022fccbdffcc sp=0x000000d01f9fa720
Event: 1174.438 Thread 0x0000022fe44719e0 DEOPT UNPACKING pc=0x0000022fcb78dece sp=0x000000d01f9f9bf0 mode 0

Classes unloaded (20 events):
Event: 12833.981 Thread 0x0000022fdf0f9c70 Unloading class 0x0000000100bc5000 'jdk/internal/reflect/GeneratedSerializationConstructorAccessor43'
Event: 12833.982 Thread 0x0000022fdf0f9c70 Unloading class 0x0000000100bc4400 'jdk/internal/reflect/GeneratedSerializationConstructorAccessor42'
Event: 12833.982 Thread 0x0000022fdf0f9c70 Unloading class 0x0000000100bc4000 'jdk/internal/reflect/GeneratedSerializationConstructorAccessor41'
Event: 12833.982 Thread 0x0000022fdf0f9c70 Unloading class 0x0000000100aaa400 'jdk/internal/reflect/GeneratedMethodAccessor112'
Event: 12833.983 Thread 0x0000022fdf0f9c70 Unloading class 0x0000000100aa3000 'jdk/internal/reflect/GeneratedMethodAccessor110'
Event: 12833.983 Thread 0x0000022fdf0f9c70 Unloading class 0x0000000100a9fc00 'jdk/internal/reflect/GeneratedMethodAccessor109'
Event: 12833.983 Thread 0x0000022fdf0f9c70 Unloading class 0x0000000100a8b400 'jdk/internal/reflect/GeneratedMethodAccessor106'
Event: 12833.983 Thread 0x0000022fdf0f9c70 Unloading class 0x0000000100a8b000 'jdk/internal/reflect/GeneratedMethodAccessor105'
Event: 12833.983 Thread 0x0000022fdf0f9c70 Unloading class 0x0000000100a8ac00 'jdk/internal/reflect/GeneratedMethodAccessor104'
Event: 12833.983 Thread 0x0000022fdf0f9c70 Unloading class 0x0000000100a89c00 'jdk/internal/reflect/GeneratedMethodAccessor100'
Event: 12833.984 Thread 0x0000022fdf0f9c70 Unloading class 0x0000000100a88c00 'jdk/internal/reflect/GeneratedMethodAccessor96'
Event: 12833.985 Thread 0x0000022fdf0f9c70 Unloading class 0x0000000100a88800 'jdk/internal/reflect/GeneratedMethodAccessor95'
Event: 12833.985 Thread 0x0000022fdf0f9c70 Unloading class 0x0000000100a87400 'jdk/internal/reflect/GeneratedConstructorAccessor48'
Event: 12833.985 Thread 0x0000022fdf0f9c70 Unloading class 0x0000000100a87000 'jdk/internal/reflect/GeneratedMethodAccessor92'
Event: 12833.985 Thread 0x0000022fdf0f9c70 Unloading class 0x0000000100a85c00 'jdk/internal/reflect/GeneratedMethodAccessor87'
Event: 12833.985 Thread 0x0000022fdf0f9c70 Unloading class 0x0000000100a85800 'jdk/internal/reflect/GeneratedConstructorAccessor47'
Event: 12833.986 Thread 0x0000022fdf0f9c70 Unloading class 0x0000000100a84c00 'jdk/internal/reflect/GeneratedMethodAccessor85'
Event: 12833.986 Thread 0x0000022fdf0f9c70 Unloading class 0x0000000100a7c800 'jdk/internal/reflect/GeneratedMethodAccessor81'
Event: 12833.987 Thread 0x0000022fdf0f9c70 Unloading class 0x0000000100a54000 'jdk/internal/reflect/GeneratedMethodAccessor78'
Event: 12833.988 Thread 0x0000022fdf0f9c70 Unloading class 0x0000000100ab0000 'org/apache/catalina/loader/JdbcLeakPrevention'

Classes redefined (0 events):
No events

Internal exceptions (20 events):
Event: 12447.084 Thread 0x0000022fe4472480 Exception <a 'java/lang/ClassNotFoundException'{0x00000000c5bbf6b8}: com/cos/prologstart/domain/user/UserCustomizer> (0x00000000c5bbf6b8) 
thrown [t:\workspace\open\src\hotspot\share\classfile\systemDictionary.cpp, line 256]
Event: 12447.098 Thread 0x0000022fe4472480 Exception <a 'java/lang/ClassNotFoundException'{0x00000000c5a3d860}: java/lang/ObjectCustomizer> (0x00000000c5a3d860) 
thrown [t:\workspace\open\src\hotspot\share\classfile\systemDictionary.cpp, line 256]
Event: 12447.099 Thread 0x0000022fe4472480 Exception <a 'java/lang/ClassNotFoundException'{0x00000000c5a473a0}: com/cos/prologstart/domain/board/BoardCustomizer> (0x00000000c5a473a0) 
thrown [t:\workspace\open\src\hotspot\share\classfile\systemDictionary.cpp, line 256]
Event: 12447.156 Thread 0x0000022fe4472480 Exception <a 'java/lang/reflect/InvocationTargetException'{0x00000000c56dacd0}> (0x00000000c56dacd0) 
thrown [t:\workspace\open\src\hotspot\share\runtime\reflection.cpp, line 1157]
Event: 12447.216 Thread 0x0000022fe4472480 Exception <a 'java/lang/ClassNotFoundException'{0x00000000c558bc78}: java/lang/ObjectCustomizer> (0x00000000c558bc78) 
thrown [t:\workspace\open\src\hotspot\share\classfile\systemDictionary.cpp, line 256]
Event: 12447.218 Thread 0x0000022fe4472480 Exception <a 'java/lang/ClassNotFoundException'{0x00000000c5594ae8}: org/springframework/security/config/annotation/web/configuration/WebSecurityConfigurerAdapterCustomizer> (0x00000000c5594ae8) 
thrown [t:\workspace\open\src\hotspot\share\classfile\systemDictionary.cpp, line 256]
Event: 12447.220 Thread 0x0000022fe4472480 Exception <a 'java/lang/ClassNotFoundException'{0x00000000c55a5c40}: com/cos/prologstart/config/SecurityConfigCustomizer> (0x00000000c55a5c40) 
thrown [t:\workspace\open\src\hotspot\share\classfile\systemDictionary.cpp, line 256]
Event: 12447.222 Thread 0x0000022fe4472480 Exception <a 'java/lang/ClassNotFoundException'{0x00000000c55aec28}: com/cos/prologstart/config/SecurityConfig$$EnhancerBySpringCGLIB$$510917adCustomizer> (0x00000000c55aec28) 
thrown [t:\workspace\open\src\hotspot\share\classfile\systemDictionary.cpp, line 256]
Event: 12447.225 Thread 0x0000022fe4472480 Exception <a 'java/lang/ClassNotFoundException'{0x00000000c55c26b8}: org/springframework/context/annotation/ConfigurationClassEnhancer$EnhancedConfigurationCustomizer> (0x00000000c55c26b8) 
thrown [t:\workspace\open\src\hotspot\share\classfile\systemDictionary.cpp, line 256]
Event: 12447.226 Thread 0x0000022fe4472480 Exception <a 'java/lang/ClassNotFoundException'{0x00000000c55c7560}: org/springframework/beans/factory/BeanFactoryAwareCustomizer> (0x00000000c55c7560) 
thrown [t:\workspace\open\src\hotspot\share\classfile\systemDictionary.cpp, line 256]
Event: 12447.227 Thread 0x0000022fe4472480 Exception <a 'java/lang/ClassNotFoundException'{0x00000000c55cd9b8}: org/springframework/beans/factory/AwareCustomizer> (0x00000000c55cd9b8) 
thrown [t:\workspace\open\src\hotspot\share\classfile\systemDictionary.cpp, line 256]
Event: 12447.227 Thread 0x0000022fe4472480 Exception <a 'java/lang/ClassNotFoundException'{0x00000000c55d2e28}: org/springframework/security/config/annotation/web/WebSecurityConfigurerCustomizer> (0x00000000c55d2e28) 
thrown [t:\workspace\open\src\hotspot\share\classfile\systemDictionary.cpp, line 256]
Event: 12447.228 Thread 0x0000022fe4472480 Exception <a 'java/lang/ClassNotFoundException'{0x00000000c55d8228}: org/springframework/security/config/annotation/SecurityConfigurerCustomizer> (0x00000000c55d8228) 
thrown [t:\workspace\open\src\hotspot\share\classfile\systemDictionary.cpp, line 256]
Event: 12447.414 Thread 0x0000022fe4472480 Exception <a 'java/lang/ClassNotFoundException'{0x00000000c4d9e548}: java/lang/ObjectCustomizer> (0x00000000c4d9e548) 
thrown [t:\workspace\open\src\hotspot\share\classfile\systemDictionary.cpp, line 256]
Event: 12447.416 Thread 0x0000022fe4472480 Exception <a 'java/lang/ClassNotFoundException'{0x00000000c4da7888}: com/cos/prologstart/domain/subscribe/SubscribeCustomizer> (0x00000000c4da7888) 
thrown [t:\workspace\open\src\hotspot\share\classfile\systemDictionary.cpp, line 256]
Event: 12833.128 Thread 0x0000022fe4470f40 Exception <a 'java/lang/InterruptedException'{0x00000000c6b7a6d8}: sleep interrupted> (0x00000000c6b7a6d8) 
thrown [t:\workspace\open\src\hotspot\share\prims\jvm.cpp, line 3305]
Event: 12836.214 Thread 0x0000022fe4477430 Exception <a 'java/io/FileNotFoundException'{0x00000000c72da750}> (0x00000000c72da750) 
thrown [t:\workspace\open\src\hotspot\share\prims\jni.cpp, line 579]
Event: 12838.267 Thread 0x0000022fe4477430 Exception <a 'java/lang/NoClassDefFoundError'{0x00000000c5753810}: org/flywaydb/core/Flyway> (0x00000000c5753810) 
thrown [t:\workspace\open\src\hotspot\share\oops\constantPool.cpp, line 809]
Event: 12838.267 Thread 0x0000022fe4477430 Exception <a 'java/lang/NoClassDefFoundError'{0x00000000c5753b38}: liquibase/integration/spring/SpringLiquibase> (0x00000000c5753b38) 
thrown [t:\workspace\open\src\hotspot\share\oops\constantPool.cpp, line 809]
Event: 12838.293 Thread 0x0000022fe4477430 Exception <a 'java/lang/NoClassDefFoundError'{0x00000000c57c4b48}: org/jooq/DSLContext> (0x00000000c57c4b48) 
thrown [t:\workspace\open\src\hotspot\share\oops\constantPool.cpp, line 809]

Events (20 events):
Event: 12833.128 Thread 0x0000022fe4470f40 Thread exited: 0x0000022fe4470f40
Event: 12833.134 Thread 0x0000022fe4473470 Thread exited: 0x0000022fe4473470
Event: 12833.134 Thread 0x0000022fe4477980 Thread exited: 0x0000022fe4477980
Event: 12833.477 Thread 0x0000022fe4477980 Thread added: 0x0000022fe4477980
Event: 12833.481 Thread 0x0000022fe4471490 Thread exited: 0x0000022fe4471490
Event: 12833.543 Thread 0x0000022fe4477980 Thread exited: 0x0000022fe4477980
Event: 12833.567 Executing  VM operation: G1CollectFull
Event: 12836.067 Executing  VM operation: G1CollectFull done
Event: 12836.068 Thread 0x0000022fe4477430 Thread added: 0x0000022fe4477430
Event: 12836.068 Thread 0x0000022fe4477430 Thread exited: 0x0000022fe4477430
Event: 12836.069 Thread 0x0000022fe4477430 Thread added: 0x0000022fe4477430
Event: 12836.298 Executing  VM operation: ICBufferFull
Event: 12836.676 Executing  VM operation: ICBufferFull done
Event: 12836.799 Executing  VM operation: ICBufferFull
Event: 12836.804 Executing  VM operation: ICBufferFull done
Event: 12837.113 Thread 0x0000022fe4473f10 Thread added: 0x0000022fe4473f10
Event: 12837.197 Thread 0x0000022fe4473f10 Thread exited: 0x0000022fe4473f10
Event: 12837.805 Executing  VM operation: Cleanup
Event: 12837.806 Executing  VM operation: Cleanup done
Event: 12838.512 Executing  VM operation: G1CollectForAllocation


Dynamic libraries:
0x00007ff7373b0000 - 0x00007ff7373be000 	C:\Users\kkurr\.p2\pool\plugins\org.eclipse.justj.openjdk.hotspot.jre.full.win32.x86_64_16.0.1.v20210528-1205\jre\bin\javaw.exe
0x00007ffe9ffb0000 - 0x00007ffea01a5000 	C:\WINDOWS\SYSTEM32\ntdll.dll
0x00007ffe9faf0000 - 0x00007ffe9fbad000 	C:\WINDOWS\System32\KERNEL32.DLL
0x00007ffe9da40000 - 0x00007ffe9dd09000 	C:\WINDOWS\System32\KERNELBASE.dll
0x00007ffe9df20000 - 0x00007ffe9e020000 	C:\WINDOWS\System32\ucrtbase.dll
0x00007ffe8f740000 - 0x00007ffe8f758000 	C:\Users\kkurr\.p2\pool\plugins\org.eclipse.justj.openjdk.hotspot.jre.full.win32.x86_64_16.0.1.v20210528-1205\jre\bin\jli.dll
0x00007ffe9e570000 - 0x00007ffe9e710000 	C:\WINDOWS\System32\USER32.dll
0x00007ffe9d850000 - 0x00007ffe9d872000 	C:\WINDOWS\System32\win32u.dll
0x00007ffe9f550000 - 0x00007ffe9f57a000 	C:\WINDOWS\System32\GDI32.dll
0x00007ffe9d8d0000 - 0x00007ffe9d9db000 	C:\WINDOWS\System32\gdi32full.dll
0x00007ffe9de80000 - 0x00007ffe9df1d000 	C:\WINDOWS\System32\msvcp_win.dll
0x00007ffe84f10000 - 0x00007ffe84f29000 	C:\Users\kkurr\.p2\pool\plugins\org.eclipse.justj.openjdk.hotspot.jre.full.win32.x86_64_16.0.1.v20210528-1205\jre\bin\VCRUNTIME140.dll
0x00007ffe90ba0000 - 0x00007ffe90e3a000 	C:\WINDOWS\WinSxS\amd64_microsoft.windows.common-controls_6595b64144ccf1df_6.0.19041.1110_none_60b5254171f9507e\COMCTL32.dll
0x00007ffe9f0d0000 - 0x00007ffe9f16e000 	C:\WINDOWS\System32\msvcrt.dll
0x00007ffe9ff40000 - 0x00007ffe9ff70000 	C:\WINDOWS\System32\IMM32.DLL
0x00007ffe96ef0000 - 0x00007ffe96efc000 	C:\Users\kkurr\.p2\pool\plugins\org.eclipse.justj.openjdk.hotspot.jre.full.win32.x86_64_16.0.1.v20210528-1205\jre\bin\vcruntime140_1.dll
0x00007ffe79d70000 - 0x00007ffe79e01000 	C:\Users\kkurr\.p2\pool\plugins\org.eclipse.justj.openjdk.hotspot.jre.full.win32.x86_64_16.0.1.v20210528-1205\jre\bin\msvcp140.dll
0x00007ffe62b20000 - 0x00007ffe636cb000 	C:\Users\kkurr\.p2\pool\plugins\org.eclipse.justj.openjdk.hotspot.jre.full.win32.x86_64_16.0.1.v20210528-1205\jre\bin\server\jvm.dll
0x00007ffe9f580000 - 0x00007ffe9f62c000 	C:\WINDOWS\System32\ADVAPI32.dll
0x00007ffe9fe30000 - 0x00007ffe9fecb000 	C:\WINDOWS\System32\sechost.dll
0x00007ffe9fbb0000 - 0x00007ffe9fcda000 	C:\WINDOWS\System32\RPCRT4.dll
0x00007ffe9fce0000 - 0x00007ffe9fce8000 	C:\WINDOWS\System32\PSAPI.DLL
0x00007ffe88aa0000 - 0x00007ffe88aa9000 	C:\WINDOWS\SYSTEM32\WSOCK32.dll
0x00007ffe901d0000 - 0x00007ffe901f7000 	C:\WINDOWS\SYSTEM32\WINMM.dll
0x00007ffe9fed0000 - 0x00007ffe9ff3b000 	C:\WINDOWS\System32\WS2_32.dll
0x00007ffe90e90000 - 0x00007ffe90e9a000 	C:\WINDOWS\SYSTEM32\VERSION.dll
0x00007ffe9b540000 - 0x00007ffe9b552000 	C:\WINDOWS\SYSTEM32\kernel.appcore.dll
0x00007ffe99220000 - 0x00007ffe9922a000 	C:\Users\kkurr\.p2\pool\plugins\org.eclipse.justj.openjdk.hotspot.jre.full.win32.x86_64_16.0.1.v20210528-1205\jre\bin\jimage.dll
0x00007ffe8dea0000 - 0x00007ffe8e084000 	C:\WINDOWS\SYSTEM32\DBGHELP.DLL
0x00007ffe8dd50000 - 0x00007ffe8dd7c000 	C:\WINDOWS\SYSTEM32\dbgcore.DLL
0x00007ffe9ddf0000 - 0x00007ffe9de73000 	C:\WINDOWS\System32\bcryptPrimitives.dll
0x00007ffe8eb50000 - 0x00007ffe8eb75000 	C:\Users\kkurr\.p2\pool\plugins\org.eclipse.justj.openjdk.hotspot.jre.full.win32.x86_64_16.0.1.v20210528-1205\jre\bin\java.dll
0x00007ffe8eb30000 - 0x00007ffe8eb48000 	C:\Users\kkurr\.p2\pool\plugins\org.eclipse.justj.openjdk.hotspot.jre.full.win32.x86_64_16.0.1.v20210528-1205\jre\bin\zip.dll
0x00007ffe9e870000 - 0x00007ffe9efaf000 	C:\WINDOWS\System32\SHELL32.dll
0x00007ffe9b820000 - 0x00007ffe9bfb1000 	C:\WINDOWS\SYSTEM32\windows.storage.dll
0x00007ffe9f1f0000 - 0x00007ffe9f545000 	C:\WINDOWS\System32\combase.dll
0x00007ffe9d090000 - 0x00007ffe9d0bc000 	C:\WINDOWS\SYSTEM32\Wldp.dll
0x00007ffe9e7c0000 - 0x00007ffe9e86e000 	C:\WINDOWS\System32\SHCORE.dll
0x00007ffe9f8d0000 - 0x00007ffe9f925000 	C:\WINDOWS\System32\shlwapi.dll
0x00007ffe9d630000 - 0x00007ffe9d64f000 	C:\WINDOWS\SYSTEM32\profapi.dll
0x00007ffe8dde0000 - 0x00007ffe8ddf9000 	C:\Users\kkurr\.p2\pool\plugins\org.eclipse.justj.openjdk.hotspot.jre.full.win32.x86_64_16.0.1.v20210528-1205\jre\bin\net.dll
0x00007ffe91af0000 - 0x00007ffe91bfa000 	C:\WINDOWS\SYSTEM32\WINHTTP.dll
0x00007ffe9cdf0000 - 0x00007ffe9ce5a000 	C:\WINDOWS\system32\mswsock.dll
0x00007ffe8db90000 - 0x00007ffe8dba3000 	C:\Users\kkurr\.p2\pool\plugins\org.eclipse.justj.openjdk.hotspot.jre.full.win32.x86_64_16.0.1.v20210528-1205\jre\bin\nio.dll
0x00007ffe90e40000 - 0x00007ffe90e49000 	C:\Users\kkurr\.p2\pool\plugins\org.eclipse.justj.openjdk.hotspot.jre.full.win32.x86_64_16.0.1.v20210528-1205\jre\bin\management.dll
0x00007ffe90200000 - 0x00007ffe9020b000 	C:\Users\kkurr\.p2\pool\plugins\org.eclipse.justj.openjdk.hotspot.jre.full.win32.x86_64_16.0.1.v20210528-1205\jre\bin\management_ext.dll
0x00007ffe87b80000 - 0x00007ffe87b97000 	C:\WINDOWS\system32\napinsp.dll
0x00007ffe84b60000 - 0x00007ffe84b7b000 	C:\WINDOWS\system32\pnrpnsp.dll
0x00007ffe980d0000 - 0x00007ffe980e5000 	C:\WINDOWS\system32\wshbth.dll
0x00007ffe99120000 - 0x00007ffe9913d000 	C:\WINDOWS\system32\NLAapi.dll
0x00007ffe9cae0000 - 0x00007ffe9cb1b000 	C:\WINDOWS\SYSTEM32\IPHLPAPI.DLL
0x00007ffe9cb20000 - 0x00007ffe9cbec000 	C:\WINDOWS\SYSTEM32\DNSAPI.dll
0x00007ffe9f9b0000 - 0x00007ffe9f9b8000 	C:\WINDOWS\System32\NSI.dll
0x00007ffe84b90000 - 0x00007ffe84ba2000 	C:\WINDOWS\System32\winrnr.dll
0x00007ffe916b0000 - 0x00007ffe916ba000 	C:\Windows\System32\rasadhlp.dll
0x00007ffe916f0000 - 0x00007ffe9176f000 	C:\WINDOWS\System32\fwpuclnt.dll
0x00007ffe9ddc0000 - 0x00007ffe9dde7000 	C:\WINDOWS\System32\bcrypt.dll
0x00007ffe9cfd0000 - 0x00007ffe9cfe8000 	C:\WINDOWS\SYSTEM32\CRYPTSP.dll
0x00007ffe9c790000 - 0x00007ffe9c7c4000 	C:\WINDOWS\system32\rsaenh.dll
0x00007ffe9d5b0000 - 0x00007ffe9d5de000 	C:\WINDOWS\SYSTEM32\USERENV.dll
0x00007ffe9cff0000 - 0x00007ffe9cffc000 	C:\WINDOWS\SYSTEM32\CRYPTBASE.dll
0x00007ffe94070000 - 0x00007ffe94087000 	C:\WINDOWS\SYSTEM32\dhcpcsvc6.DLL
0x00007ffe942c0000 - 0x00007ffe942dd000 	C:\WINDOWS\SYSTEM32\dhcpcsvc.DLL
0x00007ffe97890000 - 0x00007ffe978a0000 	C:\Users\kkurr\.p2\pool\plugins\org.eclipse.justj.openjdk.hotspot.jre.full.win32.x86_64_16.0.1.v20210528-1205\jre\bin\verify.dll
0x00007ffe97800000 - 0x00007ffe9780e000 	C:\Users\kkurr\.p2\pool\plugins\org.eclipse.justj.openjdk.hotspot.jre.full.win32.x86_64_16.0.1.v20210528-1205\jre\bin\sunmscapi.dll
0x00007ffe9d6f0000 - 0x00007ffe9d84f000 	C:\WINDOWS\System32\CRYPT32.dll
0x00007ffe9d100000 - 0x00007ffe9d127000 	C:\WINDOWS\SYSTEM32\ncrypt.dll
0x00007ffe9d0c0000 - 0x00007ffe9d0fb000 	C:\WINDOWS\SYSTEM32\NTASN1.dll
0x00007ffe9af90000 - 0x00007ffe9af97000 	C:\WINDOWS\system32\wshunix.dll

dbghelp: loaded successfully - version: 4.0.5 - missing functions: none
symbol engine: initialized successfully - sym options: 0x614 - pdb path: .;C:\Users\kkurr\.p2\pool\plugins\org.eclipse.justj.openjdk.hotspot.jre.full.win32.x86_64_16.0.1.v20210528-1205\jre\bin;C:\WINDOWS\SYSTEM32;C:\WINDOWS\WinSxS\amd64_microsoft.windows.common-controls_6595b64144ccf1df_6.0.19041.1110_none_60b5254171f9507e;C:\Users\kkurr\.p2\pool\plugins\org.eclipse.justj.openjdk.hotspot.jre.full.win32.x86_64_16.0.1.v20210528-1205\jre\bin\server

VM Arguments:
jvm_args: -Dcom.sun.management.jmxremote -Dcom.sun.management.jmxremote.port=58957 -Dcom.sun.management.jmxremote.authenticate=false -Dcom.sun.management.jmxremote.ssl=false -Djava.rmi.server.hostname=localhost -Dspring.jmx.enabled=true -Dspring.application.admin.enabled=true -XX:TieredStopAtLevel=1 -Dspring.boot.project.name=prolog -Dfile.encoding=UTF-8 -XX:+ShowCodeDetailsInExceptionMessages 
java_command: com.cos.prologstart.PrologApplication
java_class_path (initial): C:\Users\kkurr\eclipse-workspace-618\prolog\target\classes;C:\Users\kkurr\.m2\repository\org\springframework\boot\spring-boot-starter-validation\2.5.1\spring-boot-starter-validation-2.5.1.jar;C:\Users\kkurr\.m2\repository\org\springframework\boot\spring-boot-starter\2.5.2\spring-boot-starter-2.5.2.jar;C:\Users\kkurr\.m2\repository\org\springframework\boot\spring-boot-starter-logging\2.5.2\spring-boot-starter-logging-2.5.2.jar;C:\Users\kkurr\.m2\repository\ch\qos\logback\logback-classic\1.2.3\logback-classic-1.2.3.jar;C:\Users\kkurr\.m2\repository\ch\qos\logback\logback-core\1.2.3\logback-core-1.2.3.jar;C:\Users\kkurr\.m2\repository\org\apache\logging\log4j\log4j-to-slf4j\2.14.1\log4j-to-slf4j-2.14.1.jar;C:\Users\kkurr\.m2\repository\org\slf4j\jul-to-slf4j\1.7.31\jul-to-slf4j-1.7.31.jar;C:\Users\kkurr\.m2\repository\org\yaml\snakeyaml\1.28\snakeyaml-1.28.jar;C:\Users\kkurr\.m2\repository\org\apache\tomcat\embed\tomcat-embed-el\9.0.48\tomcat-embed-el-9.0.48.jar;C:\Users\kkurr\.m2\repository\org\hibernate\validator\hibernate-validator\6.2.0.Final\hibernate-validator-6.2.0.Final.jar;C:\Users\kkurr\.m2\repository\jakarta\validation\jakarta.validation-api\2.0.2\jakarta.validation-api-2.0.2.jar;C:\Users\kkurr\.m2\repository\org\jboss\logging\jboss-logging\3.4.2.Final\jboss-logging-3.4.2.Final.jar;C:\Users\kkurr\.m2\repository\com\fasterxml\classmate\1.5.1\classmate-1.5.1.jar;C:\Users\kkurr\.m2\repository\org\qlrm\qlrm\2.1.1\qlrm-2.1.1.jar;C:\Users\kkurr\.m2\repository\org\apache\logging\log4j\log4j-api\2.14.1\log4j-api-2.14.1.jar;C:\Users\kkurr\.m2\repository\org\apache\logging\log4j\log4j-core\2.14.1\log4j-core-2.14.1.jar;C:\Users\kkurr\.m2\repository\org\springframework\security\spring-security-taglibs\5.5.1\spring-security-taglibs-5.5.1.jar;C:\Users\kkurr\.m2\repository\org\springframework\security\spring-security-acl\5.5.1\spring-security-acl-5.5.1.jar;C:\Users\kkurr\.m2\repository\org\springframework\spring-jdbc\5.3.8\spring-jdbc-5.3.8.jar
Launcher Type: SUN_STANDARD

[Global flags]
     intx CICompilerCount                          = 3                                         {product} {ergonomic}
     uint ConcGCThreads                            = 1                                         {product} {ergonomic}
     uint G1ConcRefinementThreads                  = 4                                         {product} {ergonomic}
   size_t G1HeapRegionSize                         = 1048576                                   {product} {ergonomic}
    uintx GCDrainStackTargetSize                   = 64                                        {product} {ergonomic}
   size_t InitialHeapSize                          = 67108864                                  {product} {ergonomic}
     bool ManagementServer                         = true                                      {product} {command line}
   size_t MarkStackSize                            = 4194304                                   {product} {ergonomic}
   size_t MaxHeapSize                              = 1044381696                                {product} {ergonomic}
   size_t MaxNewSize                               = 625999872                                 {product} {ergonomic}
   size_t MinHeapDeltaBytes                        = 1048576                                   {product} {ergonomic}
   size_t MinHeapSize                              = 8388608                                   {product} {ergonomic}
    uintx NonNMethodCodeHeapSize                   = 6973028                                {pd product} {ergonomic}
    uintx NonProfiledCodeHeapSize                  = 244685212                              {pd product} {ergonomic}
    uintx ProfiledCodeHeapSize                     = 0                                      {pd product} {ergonomic}
    uintx ReservedCodeCacheSize                    = 251658240                              {pd product} {ergonomic}
     bool SegmentedCodeCache                       = true                                      {product} {ergonomic}
     bool ShowCodeDetailsInExceptionMessages       = true                                   {manageable} {command line}
   size_t SoftMaxHeapSize                          = 1044381696                             {manageable} {ergonomic}
     intx TieredStopAtLevel                        = 1                                         {product} {command line}
     bool UseCompressedClassPointers               = true                           {product lp64_product} {ergonomic}
     bool UseCompressedOops                        = true                           {product lp64_product} {ergonomic}
     bool UseG1GC                                  = true                                      {product} {ergonomic}
     bool UseLargePagesIndividualAllocation        = false                                  {pd product} {ergonomic}

Logging:
Log output configuration:
 #0: stdout all=warning uptime,level,tags
 #1: stderr all=off uptime,level,tags

Environment Variables:
JAVA_HOME=C:\Program Files\Java\jdk-11.0.11
PATH=C:/Users/kkurr/.p2/pool/plugins/org.eclipse.justj.openjdk.hotspot.jre.full.win32.x86_64_16.0.1.v20210528-1205/jre/bin/server;C:/Users/kkurr/.p2/pool/plugins/org.eclipse.justj.openjdk.hotspot.jre.full.win32.x86_64_16.0.1.v20210528-1205/jre/bin;C:\Program Files\Common Files\Oracle\Java\javapath;C:\jdk1.8\bin;C:\Program Files (x86)\Common Files\Oracle\Java\javapath;C:\oraclexe\app\oracle\product\11.2.0\server\bin;C:\Program Files (x86)\Intel\iCLS Client\;C:\Program Files\Intel\iCLS Client\;C:\WINDOWS\system32;C:\WINDOWS;C:\WINDOWS\System32\Wbem;C:\WINDOWS\System32\WindowsPowerShell\v1.0\;C:\Program Files (x86)\Intel\Intel(R) Management Engine Components\DAL;C:\Program Files\Intel\Intel(R) Management Engine Components\DAL;C:\Program Files (x86)\Intel\Intel(R) Management Engine Components\IPT;C:\Program Files\Intel\Intel(R) Management Engine Components\IPT;C:\WINDOWS\System32\OpenSSH\;C:\Program Files\Git\cmd;C:\Program Files\Java\jdk-11.0.11\bin;C:\Users\kkurr\AppData\Local\Microsoft\WindowsApps;;C:\Users\kkurr\AppData\Local\Programs\Microsoft VS Code\bin;C:\Program Files\JetBrains\IntelliJ IDEA Community Edition 2021.1.2\bin;;C:\Program Files (x86)\ESTsoft\ALSee\x64;C:\Users\kkurr\OneDrive\ ;
USERNAME=kkurr
OS=Windows_NT
PROCESSOR_IDENTIFIER=Intel64 Family 6 Model 142 Stepping 9, GenuineIntel



---------------  S Y S T E M  ---------------

OS:
 Windows 10 , 64 bit Build 19041 (10.0.19041.1023)
OS uptime: 7 days 18:35 hours

CPU: total 4 (initial active 4) (2 cores per cpu, 2 threads per core) family 6 model 142 stepping 9 microcode 0xb4, cx8, cmov, fxsr, ht, mmx, 3dnowpref, sse, sse2, sse3, ssse3, sse4.1, sse4.2, popcnt, lzcnt, tsc, tscinvbit, avx, avx2, aes, erms, clmul, bmi1, bmi2, adx, fma, vzeroupper, clflush, clflushopt

Memory: 4k page, system-wide physical 3983M (207M free)
TotalPageFile size 16271M (AvailPageFile size 47M)
current process WorkingSet (physical memory assigned to process): 233M, peak: 266M
current process commit charge ("private bytes"): 301M, peak: 349M

vm_info: OpenJDK 64-Bit Server VM (16.0.1+9-24) for windows-amd64 JRE (16.0.1+9-24), built on Mar 26 2021 19:30:07 by "mach5one" with MS VC++ 16.7 (VS2019)

END.
